This file contains any messages produced by compilers while
running configure, to aid debugging if configure makes a mistake.

It was created by Giella fao configure 0.1, which was
generated by GNU Autoconf 2.69.  Invocation command line was

  $ ./configure --with-hfst --enable-grammarchecker --enable-tokenisers --enable-reversed-intersect GIELLA_CORE=/Users/ttr000/git/giellalt/giella-core GTCORE=/Users/ttr000/main/giella-core GIELLA_SHARED=/Users/ttr000/git/giellalt/giella-shared --no-create --no-recursion

## --------- ##
## Platform. ##
## --------- ##

hostname = tf-hsl-m0016.bargi.uit.no
uname -m = x86_64
uname -r = 18.7.0
uname -s = Darwin
uname -v = Darwin Kernel Version 18.7.0: Thu Jan 23 06:52:12 PST 2020; root:xnu-4903.278.25~1/RELEASE_X86_64

/usr/bin/uname -p = i386
/bin/uname -X     = unknown

/bin/arch              = unknown
/usr/bin/arch -k       = unknown
/usr/convex/getsysinfo = unknown
/usr/bin/hostinfo      = Mach kernel version:
	 Darwin Kernel Version 18.7.0: Thu Jan 23 06:52:12 PST 2020; root:xnu-4903.278.25~1/RELEASE_X86_64
Kernel configured for up to 8 processors.
4 processors are physically available.
8 processors are logically available.
Processor type: i486 (Intel 80486)
Processors active: 0 1 2 3 4 5 6 7
Primary memory available: 16.00 gigabytes
Default processor set: 553 tasks, 2240 threads, 8 processors
Load average: 1.63, Mach factor: 6.36
/bin/machine           = unknown
/usr/bin/oslevel       = unknown
/bin/universe          = unknown

PATH: /opt/local/bin
PATH: /opt/local/sbin
PATH: /opt/local/bin
PATH: /opt/local/sbin
PATH: /usr/local/bin
PATH: /Users/ttr000/.fastlane/bin
PATH: /opt/local/bin
PATH: /opt/local/sbin
PATH: /opt/local/bin
PATH: /opt/local/sbin
PATH: /usr/local/bin
PATH: /Users/ttr000/.fastlane/bin
PATH: //anaconda3/bin
PATH: //anaconda3/condabin
PATH: /opt/local/bin
PATH: /opt/local/sbin
PATH: /opt/local/bin
PATH: /opt/local/sbin
PATH: /Users/ttr000/priv/polderland/bin
PATH: /Users/ttr000/main/giella-core/scripts
PATH: /Users/ttr000/main/gt/script/corpus
PATH: /Users/ttr000/main/gt/script
PATH: /Users/ttr000/bin
PATH: /Users/ttr000/Library/Python/2.7/bin
PATH: /Users/ttr000/Library/Python/3.6/bin
PATH: /Users/ttr000/Library/Python/3.7/bin
PATH: /Users/ttr000/.local/bin
PATH: /usr/local/bin
PATH: /opt/local/Library/Frameworks/Python.framework/Versions/2.7/bin
PATH: /opt/local/bin
PATH: /opt/local/sbin
PATH: /Users/ttr000/.fastlane/bin
PATH: /usr/local/bin
PATH: /usr/bin
PATH: /bin
PATH: /usr/sbin
PATH: /sbin
PATH: /Library/TeX/texbin
PATH: /usr/local/munki
PATH: /opt/X11/bin
PATH: /Users/ttr000/bin
PATH: /Library/TeX/Distributions/Programs/texbin
PATH: /Users/ttr000/main/gt/script
PATH: /Users/ttr000/main/gt/script/corpus
PATH: /Users/ttr000/Documents/forrest/bin
PATH: /Users/ttr000/main/gt/script/samiXMLParser
PATH: /Users/ttr000/main/gt/script/init.d
PATH: /Users/ttr000/lib
PATH: /Users/ttr000/bin
PATH: /Library/TeX/Distributions/Programs/texbin
PATH: /Users/ttr000/main/gt/script
PATH: /Users/ttr000/main/gt/script/corpus
PATH: /Users/ttr000/Documents/forrest/bin
PATH: /Users/ttr000/main/gt/script/samiXMLParser
PATH: /Users/ttr000/main/gt/script/init.d
PATH: /Users/ttr000/lib
PATH: /Users/ttr000/bin
PATH: /Library/TeX/Distributions/Programs/texbin
PATH: /Users/ttr000/main/gt/script
PATH: /Users/ttr000/main/gt/script/corpus
PATH: /Users/ttr000/Documents/forrest/bin
PATH: /Users/ttr000/main/gt/script/samiXMLParser
PATH: /Users/ttr000/main/gt/script/init.d
PATH: /Users/ttr000/lib


## ----------- ##
## Core tests. ##
## ----------- ##

configure:2144: checking for a BSD-compatible install
configure:2212: result: /opt/local/bin/ginstall -c
configure:2223: checking whether build environment is sane
configure:2278: result: yes
configure:2429: checking for a thread-safe mkdir -p
configure:2468: result: /opt/local/bin/gmkdir -p
configure:2475: checking for gawk
configure:2491: found /opt/local/bin/gawk
configure:2502: result: gawk
configure:2513: checking whether make sets $(MAKE)
configure:2535: result: yes
configure:2564: checking whether make supports nested variables
configure:2581: result: yes
configure:2660: checking how to create a pax tar archive
configure:2671: tar --version
bsdtar 2.8.3 - libarchive 2.8.3
configure:2674: $? = 0
configure:2714: tardir=conftest.dir && eval tar --format=posix -chf - "$tardir" >conftest.tar
configure:2717: $? = 0
configure:2721: tar -xf - <conftest.tar
configure:2724: $? = 0
configure:2726: cat conftest.dir/file
GrepMe
configure:2729: $? = 0
configure:2742: result: gnutar
configure:2803: checking whether make supports nested variables
configure:2820: result: yes
configure:3006: checking build system type
configure:3020: result: x86_64-apple-darwin18.7.0
configure:3040: checking host system type
configure:3053: result: x86_64-apple-darwin18.7.0
configure:3089: checking for gt-core.sh
configure:3107: found /Users/ttr000/git/giellalt/giella-core/scripts/gt-core.sh
configure:3120: result: /Users/ttr000/git/giellalt/giella-core/scripts/gt-core.sh
configure:3166: checking whether we can set GIELLA_CORE
configure:3237: result: /Users/ttr000/git/giellalt/giella-core
configure:3270: checking for gt-version.sh
configure:3288: found /Users/ttr000/git/giellalt/giella-core/scripts/gt-version.sh
configure:3301: result: /Users/ttr000/git/giellalt/giella-core/scripts/gt-version.sh
configure:3309: checking the version of the Giella Core
configure:3317: result: 0.3.8-$
configure:3320: checking whether the Giella Core version is at least 0.3.8
configure:3360: result: yes
configure:3383: checking whether we can set GIELLA_SHARED
configure:3440: result: /Users/ttr000/git/giellalt/giella-shared
configure:3468: checking the version of Giella Shared
configure:3498: result: 0.1.8
configure:3501: checking whether the version of Giella Shared is at least 0.1.8
configure:3541: result: yes
configure:3632: checking whether we can set GIELLA_LIBS
configure:3673: result: /Users/ttr000/main/giella-libs
configure:3686: checking for bc
configure:3704: found /usr/bin/bc
configure:3717: result: /usr/bin/bc
configure:3771: checking for a Python interpreter with version >= 3.5
configure:3788: python -c import sys # split strings by '.' and convert to numeric. Append some zeros # because we need at least 4 digits for the hex conversion. # map returns an iterator in Python 3.0 and a list in 2.x minver = list(map(int, '3.5'.split('.'))) + [0, 0, 0] minverhex = 0 # xrange is not present in Python 3.0 and range returns an iterator for i in list(range(0, 4)): minverhex = (minverhex << 8) + minver[i] sys.exit(sys.hexversion < minverhex)
configure:3791: $? = 1
configure:3788: python2 -c import sys # split strings by '.' and convert to numeric. Append some zeros # because we need at least 4 digits for the hex conversion. # map returns an iterator in Python 3.0 and a list in 2.x minver = list(map(int, '3.5'.split('.'))) + [0, 0, 0] minverhex = 0 # xrange is not present in Python 3.0 and range returns an iterator for i in list(range(0, 4)): minverhex = (minverhex << 8) + minver[i] sys.exit(sys.hexversion < minverhex)
configure:3791: $? = 1
configure:3788: python3 -c import sys # split strings by '.' and convert to numeric. Append some zeros # because we need at least 4 digits for the hex conversion. # map returns an iterator in Python 3.0 and a list in 2.x minver = list(map(int, '3.5'.split('.'))) + [0, 0, 0] minverhex = 0 # xrange is not present in Python 3.0 and range returns an iterator for i in list(range(0, 4)): minverhex = (minverhex << 8) + minver[i] sys.exit(sys.hexversion < minverhex)
configure:3791: $? = 0
configure:3797: result: python3
configure:3805: checking for python3
configure:3823: found /opt/local/bin/python3
configure:3835: result: /opt/local/bin/python3
configure:3853: checking for python3 version
configure:3860: result: 3.7
configure:3872: checking for python3 platform
configure:3879: result: darwin
configure:3905: checking for python3 script directory
configure:3940: result: ${prefix}/lib/python3.7/site-packages
configure:3949: checking for python3 extension module directory
configure:3984: result: ${exec_prefix}/lib/python3.7/site-packages
configure:4003: checking python3 module: yaml
configure:4008: result: yes
configure:4023: checking whether to enable yaml-based test
configure:4041: result: yes
configure:4058: checking for awk that supports gensub
configure:4091: result: /opt/local/bin/gawk
configure:4107: checking for forrest
configure:4125: found /Users/ttr000/Documents/forrest/bin/forrest
configure:4137: result: /Users/ttr000/Documents/forrest/bin/forrest
configure:4145: checking whether to do forrest validation of in-source documentation
configure:4170: result: yes
configure:4184: checking for rsync
configure:4202: found /opt/local/bin/rsync
configure:4215: result: /opt/local/bin/rsync
configure:4225: checking for wget
configure:4243: found /opt/local/bin/wget
configure:4256: result: /opt/local/bin/wget
configure:4300: checking for opendiff
configure:4318: found /usr/bin/opendiff
configure:4330: result: /usr/bin/opendiff
configure:4518: checking for see
configure:4536: found /usr/local/bin/see
configure:4548: result: /usr/local/bin/see
configure:4560: checking for divvun-validate-suggest
configure:4578: found /usr/local/bin/divvun-validate-suggest
configure:4591: result: /usr/local/bin/divvun-validate-suggest
configure:4613: checking for printf
configure:4631: found /usr/bin/printf
configure:4644: result: /usr/bin/printf
configure:4654: checking for xfst
configure:4672: found /usr/local/bin/xfst
configure:4685: result: /usr/local/bin/xfst
configure:4695: checking for twolc
configure:4713: found /usr/local/bin/twolc
configure:4726: result: /usr/local/bin/twolc
configure:4736: checking for lexc
configure:4754: found /Users/ttr000/bin/lexc
configure:4767: result: /Users/ttr000/bin/lexc
configure:4777: checking for lookup
configure:4808: result: /usr/local/bin/lookup
configure:4816: checking whether to enable xfst building
configure:4832: result: yes
configure:4867: checking for printf
configure:4898: result: /usr/bin/printf
configure:4908: checking for foma
configure:4926: found /usr/local/bin/foma
configure:4939: result: /usr/local/bin/foma
configure:4949: checking for flookup
configure:4967: found /usr/local/bin/flookup
configure:4980: result: /usr/local/bin/flookup
configure:4990: checking for cgflookup
configure:5008: found /usr/local/bin/cgflookup
configure:5021: result: /usr/local/bin/cgflookup
configure:5029: checking whether to enable foma building
configure:5044: result: no
configure:5102: checking for hfst-compose
configure:5120: found /usr/local/bin/hfst-compose
configure:5133: result: /usr/local/bin/hfst-compose
configure:5143: checking for hfst-compose-intersect
configure:5161: found /usr/local/bin/hfst-compose-intersect
configure:5174: result: /usr/local/bin/hfst-compose-intersect
configure:5184: checking for hfst-concatenate
configure:5202: found /usr/local/bin/hfst-concatenate
configure:5215: result: /usr/local/bin/hfst-concatenate
configure:5225: checking for hfst-conjunct
configure:5243: found /usr/local/bin/hfst-conjunct
configure:5256: result: /usr/local/bin/hfst-conjunct
configure:5266: checking for hfst-determinize
configure:5284: found /usr/local/bin/hfst-determinize
configure:5297: result: /usr/local/bin/hfst-determinize
configure:5307: checking for hfst-disjunct
configure:5325: found /usr/local/bin/hfst-disjunct
configure:5338: result: /usr/local/bin/hfst-disjunct
configure:5348: checking for hfst-foma
configure:5366: found /usr/local/bin/hfst-foma
configure:5379: result: /usr/local/bin/hfst-foma
configure:5389: checking for hfst-fst2fst
configure:5407: found /usr/local/bin/hfst-fst2fst
configure:5420: result: /usr/local/bin/hfst-fst2fst
configure:5430: checking for hfst-fst2strings
configure:5448: found /usr/local/bin/hfst-fst2strings
configure:5461: result: /usr/local/bin/hfst-fst2strings
configure:5471: checking for hfst-fst2txt
configure:5489: found /usr/local/bin/hfst-fst2txt
configure:5502: result: /usr/local/bin/hfst-fst2txt
configure:5512: checking for hfst-info
configure:5530: found /usr/local/bin/hfst-info
configure:5543: result: /usr/local/bin/hfst-info
configure:5553: checking for hfst-intersect
configure:5571: found /usr/local/bin/hfst-intersect
configure:5584: result: /usr/local/bin/hfst-intersect
configure:5594: checking for hfst-invert
configure:5612: found /usr/local/bin/hfst-invert
configure:5625: result: /usr/local/bin/hfst-invert
configure:5635: checking for hfst-lexc
configure:5653: found /usr/local/bin/hfst-lexc
configure:5666: result: /usr/local/bin/hfst-lexc
configure:5676: checking for hfst-lookup
configure:5694: found /usr/local/bin/hfst-lookup
configure:5707: result: /usr/local/bin/hfst-lookup
configure:5717: checking for hfst-minimize
configure:5735: found /usr/local/bin/hfst-minimize
configure:5748: result: /usr/local/bin/hfst-minimize
configure:5758: checking for hfst-minus
configure:5776: found /usr/local/bin/hfst-minus
configure:5789: result: /usr/local/bin/hfst-minus
configure:5799: checking for hfst-multiply
configure:5817: found /usr/local/bin/hfst-multiply
configure:5830: result: /usr/local/bin/hfst-multiply
configure:5840: checking for hfst-name
configure:5858: found /usr/local/bin/hfst-name
configure:5871: result: /usr/local/bin/hfst-name
configure:5881: checking for hfst-optimized-lookup
configure:5899: found /usr/local/bin/hfst-optimized-lookup
configure:5912: result: /usr/local/bin/hfst-optimized-lookup
configure:5922: checking for hfst-pair-test
configure:5940: found /usr/local/bin/hfst-pair-test
configure:5953: result: /usr/local/bin/hfst-pair-test
configure:5963: checking for hfst-proc
configure:5981: found /usr/local/bin/hfst-proc
configure:5994: result: /usr/local/bin/hfst-proc
configure:6004: checking for hfst-pmatch2fst
configure:6022: found /usr/local/bin/hfst-pmatch2fst
configure:6035: result: /usr/local/bin/hfst-pmatch2fst
configure:6045: checking for hfst-project
configure:6063: found /usr/local/bin/hfst-project
configure:6076: result: /usr/local/bin/hfst-project
configure:6086: checking for hfst-prune-alphabet
configure:6104: found /usr/local/bin/hfst-prune-alphabet
configure:6117: result: /usr/local/bin/hfst-prune-alphabet
configure:6127: checking for hfst-push-weights
configure:6145: found /usr/local/bin/hfst-push-weights
configure:6158: result: /usr/local/bin/hfst-push-weights
configure:6168: checking for hfst-regexp2fst
configure:6186: found /usr/local/bin/hfst-regexp2fst
configure:6199: result: /usr/local/bin/hfst-regexp2fst
configure:6209: checking for hfst-remove-epsilons
configure:6227: found /usr/local/bin/hfst-remove-epsilons
configure:6240: result: /usr/local/bin/hfst-remove-epsilons
configure:6250: checking for hfst-repeat
configure:6268: found /usr/local/bin/hfst-repeat
configure:6281: result: /usr/local/bin/hfst-repeat
configure:6291: checking for hfst-reverse
configure:6309: found /usr/local/bin/hfst-reverse
configure:6322: result: /usr/local/bin/hfst-reverse
configure:6332: checking for hfst-reweight
configure:6350: found /usr/local/bin/hfst-reweight
configure:6363: result: /usr/local/bin/hfst-reweight
configure:6373: checking for hfst-split
configure:6391: found /usr/local/bin/hfst-split
configure:6404: result: /usr/local/bin/hfst-split
configure:6414: checking for hfst-strings2fst
configure:6432: found /usr/local/bin/hfst-strings2fst
configure:6445: result: /usr/local/bin/hfst-strings2fst
configure:6455: checking for hfst-substitute
configure:6473: found /usr/local/bin/hfst-substitute
configure:6486: result: /usr/local/bin/hfst-substitute
configure:6496: checking for hfst-subtract
configure:6514: found /usr/local/bin/hfst-subtract
configure:6527: result: /usr/local/bin/hfst-subtract
configure:6537: checking for hfst-summarize
configure:6555: found /usr/local/bin/hfst-summarize
configure:6568: result: /usr/local/bin/hfst-summarize
configure:6578: checking for hfst-tokenize
configure:6596: found /usr/local/bin/hfst-tokenize
configure:6609: result: /usr/local/bin/hfst-tokenize
configure:6619: checking for hfst-twolc
configure:6637: found /usr/local/bin/hfst-twolc
configure:6650: result: /usr/local/bin/hfst-twolc
configure:6660: checking for hfst-txt2fst
configure:6678: found /usr/local/bin/hfst-txt2fst
configure:6691: result: /usr/local/bin/hfst-txt2fst
configure:6701: checking for hfst-xfst
configure:6719: found /usr/local/bin/hfst-xfst
configure:6732: result: /usr/local/bin/hfst-xfst
configure:6744: checking for hfst-ospell
configure:6762: found /usr/local/bin/hfst-ospell
configure:6775: result: /usr/local/bin/hfst-ospell
configure:6787: checking whether hfst is at least 3.12.2 and has the required tools
configure:6807: result: yes
configure:6893: checking for voikkospell
configure:6911: found /usr/local/bin/voikkospell
configure:6924: result: /usr/local/bin/voikkospell
configure:6934: checking for voikkohyphenate
configure:6952: found /usr/local/bin/voikkohyphenate
configure:6965: result: /usr/local/bin/voikkohyphenate
configure:6975: checking for voikkogc
configure:6993: found /usr/local/bin/voikkogc
configure:7006: result: /usr/local/bin/voikkogc
configure:7016: checking for voikkovfstc
configure:7034: found /usr/local/bin/voikkovfstc
configure:7047: result: /usr/local/bin/voikkovfstc
configure:7055: checking whether to enable voikko building
configure:7071: result: yes
configure:7094: checking for vislcg3
configure:7112: found /usr/local/bin/vislcg3
configure:7125: result: /usr/local/bin/vislcg3
configure:7135: checking for cg-comp
configure:7153: found /usr/local/bin/cg-comp
configure:7166: result: /usr/local/bin/cg-comp
configure:7176: checking for cg-relabel
configure:7194: found /usr/local/bin/cg-relabel
configure:7207: result: /usr/local/bin/cg-relabel
configure:7217: checking for cg-mwesplit
configure:7235: found /usr/local/bin/cg-mwesplit
configure:7248: result: /usr/local/bin/cg-mwesplit
configure:7260: checking whether vislcg3 is at least 1.0.0
configure:7296: result: yes - 1.3.1.13891
configure:7309: checking whether we can enable vislcg3 targets
configure:7312: result: yes
configure:7339: checking for saxonb-xslt
configure:7370: result: false
configure:7380: checking for java
configure:7398: found /usr/bin/java
configure:7411: result: /usr/bin/java
configure:7420: checking for /Users/ttr000/lib/saxon9he.jar
configure:7434: result: no
configure:7441: checking for /Users/ttr000/lib/saxon9.jar
configure:7455: result: yes
configure:7535: checking whether the Saxon JAR is at least 8.0
configure:7570: result: yes - 9.2.1.2
configure:7583: checking whether we can enable xslt2 transformations
configure:7606: result: yes
configure:7633: checking for zip
configure:7651: found /usr/bin/zip
configure:7664: result: /usr/bin/zip
configure:7674: checking for gzip
configure:7692: found /usr/bin/gzip
configure:7705: result: /usr/bin/gzip
configure:7717: checking for tar
configure:7735: found /usr/bin/tar
configure:7747: result: /usr/bin/tar
configure:7761: checking for patgen
configure:7779: found /opt/local/bin/patgen
configure:7792: result: /opt/local/bin/patgen
configure:7802: checking for perl
configure:7820: found /opt/local/bin/perl
configure:7833: result: /opt/local/bin/perl
configure:7843: checking for xz
configure:7861: found /opt/local/bin/xz
configure:7874: result: /opt/local/bin/xz
configure:8726: checking that generated files are newer than configure
configure:8732: result: done
configure:8964: creating ./config.status

## ---------------- ##
## Cache variables. ##
## ---------------- ##

ac_cv_build=x86_64-apple-darwin18.7.0
ac_cv_env_GIELLA_CORE_set=set
ac_cv_env_GIELLA_CORE_value=/Users/ttr000/git/giellalt/giella-core
ac_cv_env_GIELLA_LIBS_set=
ac_cv_env_GIELLA_LIBS_value=
ac_cv_env_GIELLA_MAINTAINER_set=
ac_cv_env_GIELLA_MAINTAINER_value=
ac_cv_env_GIELLA_SHARED_set=set
ac_cv_env_GIELLA_SHARED_value=/Users/ttr000/git/giellalt/giella-shared
ac_cv_env_GIELLA_TEMPLATES_set=
ac_cv_env_GIELLA_TEMPLATES_value=
ac_cv_env_GTCORE_set=set
ac_cv_env_GTCORE_value=/Users/ttr000/main/giella-core
ac_cv_env_PYTHON_set=
ac_cv_env_PYTHON_value=
ac_cv_env_build_alias_set=
ac_cv_env_build_alias_value=
ac_cv_env_host_alias_set=
ac_cv_env_host_alias_value=
ac_cv_env_target_alias_set=
ac_cv_env_target_alias_value=
ac_cv_file__Users_ttr000_lib_saxon9_jar=yes
ac_cv_file__Users_ttr000_lib_saxon9he_jar=no
ac_cv_host=x86_64-apple-darwin18.7.0
ac_cv_path_BC=/usr/bin/bc
ac_cv_path_CGFLOOKUP=/usr/local/bin/cgflookup
ac_cv_path_CG_MWESPLIT=/usr/local/bin/cg-mwesplit
ac_cv_path_CG_RELABEL=/usr/local/bin/cg-relabel
ac_cv_path_DIFFTOOL=/usr/bin/opendiff
ac_cv_path_DIVVUN_VALIDATE_SUGGEST=/usr/local/bin/divvun-validate-suggest
ac_cv_path_FLOOKUP=/usr/local/bin/flookup
ac_cv_path_FOMA=/usr/local/bin/foma
ac_cv_path_FORREST=/Users/ttr000/Documents/forrest/bin/forrest
ac_cv_path_GAWK=/opt/local/bin/gawk
ac_cv_path_GIELLA_CORE_VERSION=/Users/ttr000/git/giellalt/giella-core/scripts/gt-version.sh
ac_cv_path_GTCORESH=/Users/ttr000/git/giellalt/giella-core/scripts/gt-core.sh
ac_cv_path_GZIP=/usr/bin/gzip
ac_cv_path_HFST_COMPOSE=/usr/local/bin/hfst-compose
ac_cv_path_HFST_COMPOSE_INTERSECT=/usr/local/bin/hfst-compose-intersect
ac_cv_path_HFST_CONCATENATE=/usr/local/bin/hfst-concatenate
ac_cv_path_HFST_CONJUNCT=/usr/local/bin/hfst-conjunct
ac_cv_path_HFST_DETERMINIZE=/usr/local/bin/hfst-determinize
ac_cv_path_HFST_DISJUNCT=/usr/local/bin/hfst-disjunct
ac_cv_path_HFST_FOMA=/usr/local/bin/hfst-foma
ac_cv_path_HFST_FST2FST=/usr/local/bin/hfst-fst2fst
ac_cv_path_HFST_FST2STRINGS=/usr/local/bin/hfst-fst2strings
ac_cv_path_HFST_FST2TXT=/usr/local/bin/hfst-fst2txt
ac_cv_path_HFST_INFO=/usr/local/bin/hfst-info
ac_cv_path_HFST_INTERSECT=/usr/local/bin/hfst-intersect
ac_cv_path_HFST_INVERT=/usr/local/bin/hfst-invert
ac_cv_path_HFST_LEXC=/usr/local/bin/hfst-lexc
ac_cv_path_HFST_LOOKUP=/usr/local/bin/hfst-lookup
ac_cv_path_HFST_MINIMIZE=/usr/local/bin/hfst-minimize
ac_cv_path_HFST_MINUS=/usr/local/bin/hfst-minus
ac_cv_path_HFST_MULTIPLY=/usr/local/bin/hfst-multiply
ac_cv_path_HFST_NAME=/usr/local/bin/hfst-name
ac_cv_path_HFST_OPTIMIZED_LOOKUP=/usr/local/bin/hfst-optimized-lookup
ac_cv_path_HFST_OSPELL=/usr/local/bin/hfst-ospell
ac_cv_path_HFST_PAIR_TEST=/usr/local/bin/hfst-pair-test
ac_cv_path_HFST_PMATCH2FST=/usr/local/bin/hfst-pmatch2fst
ac_cv_path_HFST_PROC=/usr/local/bin/hfst-proc
ac_cv_path_HFST_PROJECT=/usr/local/bin/hfst-project
ac_cv_path_HFST_PRUNE_ALPHABET=/usr/local/bin/hfst-prune-alphabet
ac_cv_path_HFST_PUSH_WEIGHTS=/usr/local/bin/hfst-push-weights
ac_cv_path_HFST_REGEXP2FST=/usr/local/bin/hfst-regexp2fst
ac_cv_path_HFST_REMOVE_EPSILONS=/usr/local/bin/hfst-remove-epsilons
ac_cv_path_HFST_REPEAT=/usr/local/bin/hfst-repeat
ac_cv_path_HFST_REVERSE=/usr/local/bin/hfst-reverse
ac_cv_path_HFST_REWEIGHT=/usr/local/bin/hfst-reweight
ac_cv_path_HFST_SPLIT=/usr/local/bin/hfst-split
ac_cv_path_HFST_STRINGS2FST=/usr/local/bin/hfst-strings2fst
ac_cv_path_HFST_SUBSTITUTE=/usr/local/bin/hfst-substitute
ac_cv_path_HFST_SUBTRACT=/usr/local/bin/hfst-subtract
ac_cv_path_HFST_SUMMARIZE=/usr/local/bin/hfst-summarize
ac_cv_path_HFST_TOKENISE=/usr/local/bin/hfst-tokenize
ac_cv_path_HFST_TWOLC=/usr/local/bin/hfst-twolc
ac_cv_path_HFST_TXT2FST=/usr/local/bin/hfst-txt2fst
ac_cv_path_HFST_XFST=/usr/local/bin/hfst-xfst
ac_cv_path_JV=/usr/bin/java
ac_cv_path_LEXC=/Users/ttr000/bin/lexc
ac_cv_path_LOOKUP=/usr/local/bin/lookup
ac_cv_path_PATGEN=/opt/local/bin/patgen
ac_cv_path_PERL=/opt/local/bin/perl
ac_cv_path_PRINTF=/usr/bin/printf
ac_cv_path_PYTHON=/opt/local/bin/python3
ac_cv_path_RSYNC=/opt/local/bin/rsync
ac_cv_path_SAXON=false
ac_cv_path_SEE=/usr/local/bin/see
ac_cv_path_TAR=/usr/bin/tar
ac_cv_path_TWOLC=/usr/local/bin/twolc
ac_cv_path_VISLCG3=/usr/local/bin/vislcg3
ac_cv_path_VISLCG3_COMP=/usr/local/bin/cg-comp
ac_cv_path_VOIKKOGC=/usr/local/bin/voikkogc
ac_cv_path_VOIKKOHYPHENATE=/usr/local/bin/voikkohyphenate
ac_cv_path_VOIKKOSPELL=/usr/local/bin/voikkospell
ac_cv_path_VOIKKOVFSTC=/usr/local/bin/voikkovfstc
ac_cv_path_WGET=/opt/local/bin/wget
ac_cv_path_XFST=/usr/local/bin/xfst
ac_cv_path_XZ=/opt/local/bin/xz
ac_cv_path_ZIP=/usr/bin/zip
ac_cv_path_install='/opt/local/bin/ginstall -c'
ac_cv_path_mkdir=/opt/local/bin/gmkdir
ac_cv_prog_AWK=gawk
ac_cv_prog_make_make_set=yes
am_cv_make_support_nested_variables=yes
am_cv_pathless_PYTHON=python3
am_cv_prog_tar_pax=gnutar
am_cv_python_platform=darwin
am_cv_python_pyexecdir='${exec_prefix}/lib/python3.7/site-packages'
am_cv_python_pythondir='${prefix}/lib/python3.7/site-packages'
am_cv_python_version=3.7

## ----------------- ##
## Output variables. ##
## ----------------- ##

ACLOCAL='${SHELL} /Users/ttr000/git/giellalt/lang-fao/build-aux/missing aclocal-1.16'
ALT_ORTHS=''
ALT_WSS=''
AMTAR='$${TAR-tar}'
AM_BACKSLASH='\'
AM_DEFAULT_V='$(AM_DEFAULT_VERBOSITY)'
AM_DEFAULT_VERBOSITY='0'
AM_V='$(V)'
AREAS=''
AUTOCONF='${SHELL} /Users/ttr000/git/giellalt/lang-fao/build-aux/missing autoconf'
AUTOHEADER='${SHELL} /Users/ttr000/git/giellalt/lang-fao/build-aux/missing autoheader'
AUTOMAKE='${SHELL} /Users/ttr000/git/giellalt/lang-fao/build-aux/missing automake-1.16'
AWK='gawk'
BC='/usr/bin/bc'
CAN_CGMT_FALSE=''
CAN_CGMT_TRUE='#'
CAN_FOMA_FALSE=''
CAN_FOMA_SPELLER_FALSE=''
CAN_FOMA_SPELLER_TRUE='#'
CAN_FOMA_TRUE='#'
CAN_FORREST_VALIDATE_FALSE='#'
CAN_FORREST_VALIDATE_TRUE=''
CAN_HFST_FALSE='#'
CAN_HFST_TRUE=''
CAN_JAVA_FALSE='#'
CAN_JAVA_TRUE=''
CAN_LOCALSYNC_FALSE='#'
CAN_LOCALSYNC_TRUE=''
CAN_MERGE_FALSE='#'
CAN_MERGE_TRUE=''
CAN_REMOTE_SYNC_FALSE='#'
CAN_REMOTE_SYNC_TRUE=''
CAN_SAXON_FALSE=''
CAN_SAXON_TRUE='#'
CAN_VFST_FALSE='#'
CAN_VFST_TRUE=''
CAN_VISLCG_FALSE='#'
CAN_VISLCG_TRUE=''
CAN_XFST_FALSE='#'
CAN_XFST_TRUE=''
CAN_XZ_FALSE='#'
CAN_XZ_TRUE=''
CAN_YAML_TEST_FALSE='#'
CAN_YAML_TEST_TRUE=''
CGFLOOKUP='/usr/local/bin/cgflookup'
CG_MWESPLIT='/usr/local/bin/cg-mwesplit'
CG_RELABEL='/usr/local/bin/cg-relabel'
CYGPATH_W='echo'
CYGWINJAVAPATH='echo'
DEFAULT_CASE_HANDLING_FALSE='#'
DEFAULT_CASE_HANDLING_TRUE=''
DEFAULT_ORTH=''
DEFAULT_WS='Latn'
DEFS='-DPACKAGE_NAME=\"Giella\ fao\" -DPACKAGE_TARNAME=\"giella-fao\" -DPACKAGE_VERSION=\"0.1\" -DPACKAGE_STRING=\"Giella\ fao\ 0.1\" -DPACKAGE_BUGREPORT=\"feedback@divvun.no\" -DPACKAGE_URL=\"http://divvun.no\" -DPACKAGE=\"giella-fao\" -DVERSION=\"0.1\"'
DIALECTS=''
DIFFTOOL='/usr/bin/opendiff'
DIVVUN_VALIDATE_SUGGEST='/usr/local/bin/divvun-validate-suggest'
ECHO_C='\c'
ECHO_N=''
ECHO_T=''
FLOOKUP='/usr/local/bin/flookup'
FOMA='/usr/local/bin/foma'
FORREST='/Users/ttr000/Documents/forrest/bin/forrest'
GAWK='/opt/local/bin/gawk'
GIELLA_CORE='/Users/ttr000/git/giellalt/giella-core'
GIELLA_CORE_VERSION='/Users/ttr000/git/giellalt/giella-core/scripts/gt-version.sh'
GIELLA_LIBS='/Users/ttr000/main/giella-libs'
GIELLA_MAINTAINER=''
GIELLA_SHARED='/Users/ttr000/git/giellalt/giella-shared'
GIELLA_TEMPLATES=''
GLANG2='fo'
GLANG='fao'
GLANGUAGE='Faroese'
GTCORE='/Users/ttr000/git/giellalt/giella-core'
GTCORESH='/Users/ttr000/git/giellalt/giella-core/scripts/gt-core.sh'
GTLANG2='fo'
GTLANG='fao'
GTLANGUAGE='Faroese'
GZIP='/usr/bin/gzip'
HAS_FOMA_FALSE='#'
HAS_FOMA_TRUE=''
HAVE_ALT_ORTHS_FALSE=''
HAVE_ALT_ORTHS_TRUE='#'
HAVE_ALT_WSS_FALSE=''
HAVE_ALT_WSS_TRUE='#'
HAVE_AREAS_FALSE=''
HAVE_AREAS_TRUE='#'
HAVE_DIALECTS_FALSE=''
HAVE_DIALECTS_TRUE='#'
HFST_COMPOSE='/usr/local/bin/hfst-compose'
HFST_COMPOSE_INTERSECT='/usr/local/bin/hfst-compose-intersect'
HFST_CONCATENATE='/usr/local/bin/hfst-concatenate'
HFST_CONJUNCT='/usr/local/bin/hfst-conjunct'
HFST_DETERMINIZE='/usr/local/bin/hfst-determinize'
HFST_DISJUNCT='/usr/local/bin/hfst-disjunct'
HFST_FOMA='/usr/local/bin/hfst-foma'
HFST_FORMAT_NAME='openfst-tropical'
HFST_FST2FST='/usr/local/bin/hfst-fst2fst'
HFST_FST2STRINGS='/usr/local/bin/hfst-fst2strings'
HFST_FST2TXT='/usr/local/bin/hfst-fst2txt'
HFST_INFO='/usr/local/bin/hfst-info'
HFST_INTERSECT='/usr/local/bin/hfst-intersect'
HFST_INVERT='/usr/local/bin/hfst-invert'
HFST_LEXC='/usr/local/bin/hfst-lexc'
HFST_LOOKUP='/usr/local/bin/hfst-lookup'
HFST_MINIMIZE='/usr/local/bin/hfst-minimize'
HFST_MINIMIZE_SPELLER='/usr/local/bin/hfst-remove-epsilons $(HFST_FLAGS)                                          | /usr/local/bin/hfst-determinize --encode-weights $(HFST_FLAGS)                                          | /usr/local/bin/hfst-minimize    --encode-weights $(HFST_FLAGS) '
HFST_MINUS='/usr/local/bin/hfst-minus'
HFST_MULTIPLY='/usr/local/bin/hfst-multiply'
HFST_NAME='/usr/local/bin/hfst-name'
HFST_OPTIMIZED_LOOKUP='/usr/local/bin/hfst-optimized-lookup'
HFST_OSPELL='/usr/local/bin/hfst-ospell'
HFST_PAIR_TEST='/usr/local/bin/hfst-pair-test'
HFST_PMATCH2FST='/usr/local/bin/hfst-pmatch2fst'
HFST_PROC='/usr/local/bin/hfst-proc'
HFST_PROJECT='/usr/local/bin/hfst-project'
HFST_PRUNE_ALPHABET='/usr/local/bin/hfst-prune-alphabet'
HFST_PUSH_WEIGHTS='/usr/local/bin/hfst-push-weights'
HFST_REGEXP2FST='/usr/local/bin/hfst-regexp2fst'
HFST_REMOVE_EPSILONS='/usr/local/bin/hfst-remove-epsilons'
HFST_REPEAT='/usr/local/bin/hfst-repeat'
HFST_REVERSE='/usr/local/bin/hfst-reverse'
HFST_REWEIGHT='/usr/local/bin/hfst-reweight'
HFST_SPLIT='/usr/local/bin/hfst-split'
HFST_STRINGS2FST='/usr/local/bin/hfst-strings2fst'
HFST_SUBSTITUTE='/usr/local/bin/hfst-substitute'
HFST_SUBTRACT='/usr/local/bin/hfst-subtract'
HFST_SUMMARIZE='/usr/local/bin/hfst-summarize'
HFST_TOKENISE='/usr/local/bin/hfst-tokenize'
HFST_TWOLC='/usr/local/bin/hfst-twolc'
HFST_TXT2FST='/usr/local/bin/hfst-txt2fst'
HFST_XFST='/usr/local/bin/hfst-xfst'
INSTALL_DATA='${INSTALL} -m 644'
INSTALL_PROGRAM='${INSTALL}'
INSTALL_SCRIPT='${INSTALL}'
INSTALL_STRIP_PROGRAM='$(install_sh) -c -s'
JV='/usr/bin/java'
LEXC='/Users/ttr000/bin/lexc'
LEXREF_IN_PHONOLOGY_FALSE=''
LEXREF_IN_PHONOLOGY_TRUE='#'
LEXREF_IN_XFSCRIPT=''
LIBOBJS=''
LIBS=''
LOOKUP='/usr/local/bin/lookup'
LTLIBOBJS=''
MAKEINFO='${SHELL} /Users/ttr000/git/giellalt/lang-fao/build-aux/missing makeinfo'
MKDIR_P='/opt/local/bin/gmkdir -p'
NO_PHONOLOGY=''
PACKAGE='giella-fao'
PACKAGE_BUGREPORT='feedback@divvun.no'
PACKAGE_NAME='Giella fao'
PACKAGE_STRING='Giella fao 0.1'
PACKAGE_TARNAME='giella-fao'
PACKAGE_URL='http://divvun.no'
PACKAGE_VERSION='0.1'
PATGEN='/opt/local/bin/patgen'
PATH_SEPARATOR=':'
PERL='/opt/local/bin/perl'
PRINTF='/usr/bin/printf'
PYTHON='/opt/local/bin/python3'
PYTHON_EXEC_PREFIX='${exec_prefix}'
PYTHON_PLATFORM='darwin'
PYTHON_PREFIX='${prefix}'
PYTHON_VERSION='3.7'
RSYNC='/opt/local/bin/rsync'
SAXON='false'
SAXONJAR='/Users/ttr000/lib/saxon9.jar'
SEE='/usr/local/bin/see'
SET_MAKE=''
SHELL='/bin/sh'
SKIP_PHONOLOGY_FALSE=''
SKIP_PHONOLOGY_TRUE='#'
SPELLERVERSION='0.1'
STRIP=''
TAR='/usr/bin/tar'
TWOLC='/usr/local/bin/twolc'
VERSION='0.1'
VISLCG3='/usr/local/bin/vislcg3'
VISLCG3_COMP='/usr/local/bin/cg-comp'
VOIKKOGC='/usr/local/bin/voikkogc'
VOIKKOHYPHENATE='/usr/local/bin/voikkohyphenate'
VOIKKOSPELL='/usr/local/bin/voikkospell'
VOIKKOVFSTC='/usr/local/bin/voikkovfstc'
WANT_ABBR_FALSE=''
WANT_ABBR_TRUE='#'
WANT_ALT_ORTH_SPELLERS_FALSE='#'
WANT_ALT_ORTH_SPELLERS_TRUE=''
WANT_ANL_TOOL_FALSE=''
WANT_ANL_TOOL_TRUE='#'
WANT_APERTIUM_FALSE=''
WANT_APERTIUM_TRUE='#'
WANT_DIALECTS_FALSE=''
WANT_DIALECTS_TRUE='#'
WANT_DICTIONARIES_FALSE=''
WANT_DICTIONARIES_TRUE='#'
WANT_DOWNCASEERROR_FALSE=''
WANT_DOWNCASEERROR_TRUE='#'
WANT_FST_HYPHENATOR_FALSE=''
WANT_FST_HYPHENATOR_TRUE='#'
WANT_GENERATION_FALSE='#'
WANT_GENERATION_TRUE=''
WANT_GLOSSERS_FALSE=''
WANT_GLOSSERS_TRUE='#'
WANT_GRAMCHECK_FALSE='#'
WANT_GRAMCHECK_TRUE=''
WANT_HFST_DESKTOP_SPELLER_FALSE='#'
WANT_HFST_DESKTOP_SPELLER_TRUE=''
WANT_HFST_MOBILE_SPELLER_FALSE=''
WANT_HFST_MOBILE_SPELLER_TRUE='#'
WANT_HYPERMINIMISATION_FALSE=''
WANT_HYPERMINIMISATION_TRUE='#'
WANT_L2_FALSE=''
WANT_L2_TRUE='#'
WANT_LEXC_ALIGNMENT_FALSE='#'
WANT_LEXC_ALIGNMENT_TRUE=''
WANT_MAINTAIN_FALSE=''
WANT_MAINTAIN_TRUE='#'
WANT_MORPHER_FALSE=''
WANT_MORPHER_TRUE='#'
WANT_MORPHOLOGY_FALSE='#'
WANT_MORPHOLOGY_TRUE=''
WANT_OAHPA_FALSE=''
WANT_OAHPA_TRUE='#'
WANT_PATTERN_HYPHENATORS_FALSE=''
WANT_PATTERN_HYPHENATORS_TRUE='#'
WANT_PHONETIC_FALSE=''
WANT_PHONETIC_TRUE='#'
WANT_REVERSED_INTERSECT_FALSE='#'
WANT_REVERSED_INTERSECT_TRUE=''
WANT_SPELLERS_FALSE='#'
WANT_SPELLERS_TRUE=''
WANT_SYNTAX_FALSE='#'
WANT_SYNTAX_TRUE=''
WANT_TOKENISERS_FALSE='#'
WANT_TOKENISERS_TRUE=''
WANT_TRANSCRIPTORS_FALSE='#'
WANT_TRANSCRIPTORS_TRUE=''
WANT_TWOSTEP_INTERSECT_FALSE=''
WANT_TWOSTEP_INTERSECT_TRUE='#'
WANT_VFST_SPELLER_FALSE=''
WANT_VFST_SPELLER_TRUE='#'
WGET='/opt/local/bin/wget'
WITH_FOMA_FALSE=''
WITH_FOMA_TRUE='#'
WITH_OFST_LOG_FALSE=''
WITH_OFST_LOG_TRUE='#'
WITH_OFST_TROPICAL_FALSE='#'
WITH_OFST_TROPICAL_TRUE=''
WITH_SFST_FALSE=''
WITH_SFST_TRUE='#'
XFST='/usr/local/bin/xfst'
XZ='/opt/local/bin/xz'
ZIP='/usr/bin/zip'
am__isrc=''
am__leading_dot='.'
am__tar='tar --format=posix -chf - "$$tardir"'
am__untar='tar -xf -'
bindir='${exec_prefix}/bin'
build='x86_64-apple-darwin18.7.0'
build_alias=''
build_cpu='x86_64'
build_os='darwin18.7.0'
build_vendor='apple'
datadir='${datarootdir}'
datarootdir='${prefix}/share'
docdir='${datarootdir}/doc/${PACKAGE_TARNAME}'
dvidir='${docdir}'
exec_prefix='${prefix}'
host='x86_64-apple-darwin18.7.0'
host_alias=''
host_cpu='x86_64'
host_os='darwin18.7.0'
host_vendor='apple'
htmldir='${docdir}'
ifGNUmake=''
includedir='${prefix}/include'
infodir='${datarootdir}/info'
install_sh='${SHELL} /Users/ttr000/git/giellalt/lang-fao/build-aux/install-sh'
libdir='${exec_prefix}/lib'
libexecdir='${exec_prefix}/libexec'
localedir='${datarootdir}/locale'
localstatedir='${prefix}/var'
mandir='${datarootdir}/man'
mkdir_p='$(MKDIR_P)'
oldincludedir='/usr/include'
pdfdir='${docdir}'
pkgpyexecdir='${pyexecdir}/giella-fao'
pkgpythondir='${pythondir}/giella-fao'
prefix='/usr/local'
program_transform_name='s,x,x,'
psdir='${docdir}'
pyexecdir='${exec_prefix}/lib/python3.7/site-packages'
pythondir='${prefix}/lib/python3.7/site-packages'
sbindir='${exec_prefix}/sbin'
sharedstatedir='${prefix}/com'
sysconfdir='${prefix}/etc'
target_alias=''

## ----------- ##
## confdefs.h. ##
## ----------- ##

/* confdefs.h */
#define PACKAGE_NAME "Giella fao"
#define PACKAGE_TARNAME "giella-fao"
#define PACKAGE_VERSION "0.1"
#define PACKAGE_STRING "Giella fao 0.1"
#define PACKAGE_BUGREPORT "feedback@divvun.no"
#define PACKAGE_URL "http://divvun.no"
#define PACKAGE "giella-fao"
#define VERSION "0.1"

configure: exit 0

## ---------------------- ##
## Running config.status. ##
## ---------------------- ##

This file was extended by Giella fao config.status 0.1, which was
generated by GNU Autoconf 2.69.  Invocation command line was

  CONFIG_FILES    = 
  CONFIG_HEADERS  = 
  CONFIG_LINKS    = 
  CONFIG_COMMANDS = 
  $ ./config.status 

on tf-hsl-m0016.bargi.uit.no

config.status:1039: creating Makefile
config.status:1039: creating giella-fao.pc
config.status:1039: creating src/Makefile
config.status:1039: creating src/filters/Makefile
config.status:1039: creating src/hyphenation/Makefile
config.status:1039: creating src/fst/Makefile
config.status:1039: creating src/orthography/Makefile
config.status:1039: creating src/phonetics/Makefile
config.status:1039: creating src/cg3/Makefile
config.status:1039: creating src/tagsets/Makefile
config.status:1039: creating src/transcriptions/Makefile
config.status:1039: creating doc/Makefile
config.status:1039: creating test/Makefile
config.status:1039: creating test/tools/Makefile
config.status:1039: creating test/tools/hyphenators/Makefile
config.status:1039: creating test/tools/hyphenators/fstbased/Makefile
config.status:1039: creating test/tools/hyphenators/patternbased/Makefile
config.status:1039: creating test/tools/mt/Makefile
config.status:1039: creating test/tools/mt/apertium/Makefile
config.status:1039: creating test/tools/spellcheckers/Makefile
config.status:1039: creating test/tools/spellcheckers/fstbased/Makefile
config.status:1039: creating test/tools/spellcheckers/fstbased/desktop/Makefile
config.status:1039: creating test/tools/spellcheckers/fstbased/desktop/hfst/Makefile
config.status:1039: creating test/tools/spellcheckers/fstbased/mobile/Makefile
config.status:1039: creating test/src/Makefile
config.status:1039: creating test/src/morphology/Makefile
config.status:1039: creating test/src/orthography/Makefile
config.status:1039: creating test/src/phonology/Makefile
config.status:1039: creating test/src/syntax/Makefile
config.status:1039: creating tools/Makefile
config.status:1039: creating tools/analysers/Makefile
config.status:1039: creating tools/analysers/pipespec.xml
config.status:1039: creating tools/grammarcheckers/Makefile
config.status:1039: creating tools/grammarcheckers/pipespec.xml
config.status:1039: creating tools/grammarcheckers/filters/Makefile
config.status:1039: creating tools/hyphenators/Makefile
config.status:1039: creating tools/hyphenators/filters/Makefile
config.status:1039: creating tools/mt/Makefile
config.status:1039: creating tools/mt/filters/Makefile
config.status:1039: creating tools/mt/apertium/Makefile
config.status:1039: creating tools/mt/apertium/filters/Makefile
config.status:1039: creating tools/mt/apertium/tagsets/Makefile
config.status:1039: creating tools/mt/cgbased/Makefile
config.status:1039: creating tools/tokenisers/Makefile
config.status:1039: creating tools/tokenisers/filters/Makefile
config.status:1039: creating tools/shellscripts/Makefile
config.status:1039: creating tools/spellcheckers/Makefile
config.status:1039: creating tools/spellcheckers/filters/Makefile
config.status:1039: creating tools/spellcheckers/weights/Makefile
config.status:1039: creating test/tools/spellcheckers/test-zhfst-file.sh
config.status:1039: creating test/tools/spellcheckers/fstbased/desktop/hfst/test-zhfst-basic-sugg-speed.sh
config.status:1039: creating test/run-yaml-testcases.sh
config.status:1039: creating test/run-morph-tester.sh
config.status:1039: creating test/src/phonology/pair-test-positive.sh
config.status:1039: creating test/src/phonology/pair-test-negative.sh
config.status:1039: creating test/src/phonology/pair-test-hfst.sh
config.status:1039: creating test/src/morphology/generate-adjective-lemmas.sh
config.status:1039: creating test/src/morphology/generate-noun-lemmas.sh
config.status:1039: creating test/src/morphology/generate-propernoun-lemmas.sh
config.status:1039: creating test/src/morphology/generate-verb-lemmas.sh
config.status:1039: creating test/tools/spellcheckers/fstbased/desktop/hfst/accept-all-lemmas.sh
config.status:1039: creating tools/shellscripts/ufao-gt.sh
config.status:1039: creating devtools/check_analysis_regressions.sh
config.status:1039: creating devtools/test_ospell-office_suggestions.sh
config.status:1039: creating devtools/test_voikkospell_suggestions.sh
config.status:1039: creating devtools/test_grammar_checker.sh
